<component name="ProjectRunConfigurationManager">
  <configuration default="false" name="test-register-any" type="GoApplicationRunConfiguration" factoryName="Go Application">
    <module name="uymas" />
    <working_directory value="$PROJECT_DIR$" />
    <kind value="FILE" />
    <package value="gitee.com/conero/uymas/_examples/trys/bin" />
    <directory value="$PROJECT_DIR$" />
    <filePath value="$PROJECT_DIR$/_examples/trys/bin/register-any.go" />
    <output_directory value="$PROJECT_DIR$" />
    <method v="2" />
  </configuration>
</component>